TN:
SF:/home/dipto/Application_Security_Assignment_1/giftcardreader_part1_fixed.c
FN:16,animate
FN:73,print_gift_card_info
FN:113,gift_card_json
FN:164,get_gift_card_value
FN:184,gift_card_reader
FN:293,main
FNDA:211,animate
FNDA:223,print_gift_card_info
FNDA:0,gift_card_json
FNDA:217,get_gift_card_value
FNDA:223,gift_card_reader
FNDA:223,main
FNF:6
FNH:5
DA:16,211
DA:18,211
DA:19,211
DA:20,211
DA:21,211
DA:22,211
DA:23,96407
DA:24,96618
DA:25,8
DA:27,96610
DA:28,96610
DA:29,96610
DA:30,96610
DA:31,38821
DA:32,38821
DA:33,2103
DA:34,2103
DA:35,2103
DA:36,5063
DA:37,5063
DA:38,5063
DA:39,11663
DA:40,11663
DA:41,11663
DA:42,19
DA:43,19
DA:44,19
DA:45,0
DA:46,0
DA:47,0
DA:48,0
DA:49,0
DA:50,0
DA:51,0
DA:52,0
DA:53,0
DA:54,0
DA:55,0
DA:56,12
DA:57,12
DA:58,13252
DA:59,13252
DA:60,13252
DA:61,8
DA:62,8
DA:63,8
DA:65,96598
DA:66,96598
DA:67,96407
DA:69,211
DA:70,211
DA:73,223
DA:75,223
DA:76,6
DA:83,217
DA:84,217
DA:85,217
DA:86,217
DA:87,13220
DA:88,13003
DA:89,13003
DA:90,2399
DA:91,2399
DA:92,2399
DA:93,2399
DA:94,2270
DA:97,10604
DA:98,345
DA:99,345
DA:101,10259
DA:102,211
DA:103,211
DA:104,211
DA:105,211
DA:106,211
DA:109,217
DA:113,0
DA:114,0
DA:115,0
DA:119,0
DA:120,0
DA:121,0
DA:122,0
DA:123,0
DA:124,0
DA:125,0
DA:126,0
DA:127,0
DA:128,0
DA:129,0
DA:130,0
DA:131,0
DA:132,0
DA:133,0
DA:136,0
DA:137,0
DA:138,0
DA:140,0
DA:141,0
DA:142,0
DA:143,0
DA:145,0
DA:147,0
DA:149,0
DA:150,0
DA:151,0
DA:153,0
DA:155,0
DA:156,0
DA:158,0
DA:160,0
DA:161,0
DA:164,217
DA:168,217
DA:170,217
DA:171,13220
DA:172,13003
DA:173,13003
DA:174,2399
DA:175,2399
DA:178,217
DA:184,223
DA:186,223
DA:202,893
DA:206,453
DA:209,453
DA:213,453
DA:214,6
DA:215,6
DA:217,447
DA:219,447
DA:221,447
DA:223,447
DA:225,447
DA:227,447
DA:228,447
DA:230,447
DA:231,447
DA:233,447
DA:237,15868
DA:240,15421
DA:242,15421
DA:244,15421
DA:246,15421
DA:248,15421
DA:250,15421
DA:251,15421
DA:255,15421
DA:256,2420
DA:257,2420
DA:263,2420
DA:264,2420
DA:267,15421
DA:268,352
DA:271,352
DA:275,15421
DA:276,241
DA:277,241
DA:278,241
DA:279,241
DA:280,241
DA:281,241
DA:282,241
DA:287,217
DA:293,223
DA:295,223
DA:297,223
DA:299,223
DA:300,0
DA:302,223
LF:170
LH:122
end_of_record
